{"/home/saif/projects/Dev-Corner/api/server.js": {"path":"/home/saif/projects/Dev-Corner/api/server.js","statementMap":{"0":{"start":{"line":1,"column":16},"end":{"line":1,"column":34}},"1":{"start":{"line":2,"column":12},"end":{"line":2,"column":21}},"2":{"start":{"line":3,"column":15},"end":{"line":3,"column":32}},"3":{"start":{"line":4,"column":15},"end":{"line":4,"column":32}},"4":{"start":{"line":5,"column":15},"end":{"line":5,"column":32}},"5":{"start":{"line":6,"column":15},"end":{"line":6,"column":32}},"6":{"start":{"line":7,"column":14},"end":{"line":7,"column":38}},"7":{"start":{"line":8,"column":13},"end":{"line":8,"column":28}},"8":{"start":{"line":9,"column":13},"end":{"line":9,"column":28}},"9":{"start":{"line":10,"column":17},"end":{"line":10,"column":37}},"10":{"start":{"line":11,"column":15},"end":{"line":11,"column":37}},"11":{"start":{"line":12,"column":11},"end":{"line":12,"column":27}},"12":{"start":{"line":13,"column":0},"end":{"line":13,"column":58}},"13":{"start":{"line":17,"column":4},"end":{"line":17,"column":24}},"14":{"start":{"line":19,"column":18},"end":{"line":19,"column":43}},"15":{"start":{"line":20,"column":18},"end":{"line":20,"column":42}},"16":{"start":{"line":21,"column":18},"end":{"line":21,"column":43}},"17":{"start":{"line":22,"column":26},"end":{"line":22,"column":59}},"18":{"start":{"line":23,"column":21},"end":{"line":23,"column":49}},"19":{"start":{"line":25,"column":15},"end":{"line":25,"column":31}},"20":{"start":{"line":27,"column":0},"end":{"line":27,"column":16}},"21":{"start":{"line":29,"column":18},"end":{"line":29,"column":65}},"22":{"start":{"line":33,"column":0},"end":{"line":33,"column":24}},"23":{"start":{"line":34,"column":0},"end":{"line":34,"column":18}},"24":{"start":{"line":35,"column":0},"end":{"line":35,"column":26}},"25":{"start":{"line":37,"column":16},"end":{"line":44,"column":2}},"26":{"start":{"line":39,"column":4},"end":{"line":39,"column":30}},"27":{"start":{"line":42,"column":4},"end":{"line":42,"column":28}},"28":{"start":{"line":46,"column":15},"end":{"line":48,"column":2}},"29":{"start":{"line":49,"column":0},"end":{"line":55,"column":3}},"30":{"start":{"line":50,"column":2},"end":{"line":54,"column":3}},"31":{"start":{"line":51,"column":4},"end":{"line":51,"column":61}},"32":{"start":{"line":53,"column":4},"end":{"line":53,"column":25}},"33":{"start":{"line":57,"column":0},"end":{"line":57,"column":32}},"34":{"start":{"line":58,"column":0},"end":{"line":58,"column":33}},"35":{"start":{"line":59,"column":0},"end":{"line":59,"column":33}},"36":{"start":{"line":60,"column":0},"end":{"line":60,"column":49}},"37":{"start":{"line":61,"column":0},"end":{"line":61,"column":39}},"38":{"start":{"line":63,"column":12},"end":{"line":63,"column":14}},"39":{"start":{"line":65,"column":16},"end":{"line":71,"column":1}},"40":{"start":{"line":66,"column":2},"end":{"line":70,"column":7}},"41":{"start":{"line":66,"column":24},"end":{"line":66,"column":46}},"42":{"start":{"line":73,"column":19},"end":{"line":75,"column":1}},"43":{"start":{"line":74,"column":2},"end":{"line":74,"column":61}},"44":{"start":{"line":74,"column":33},"end":{"line":74,"column":59}},"45":{"start":{"line":77,"column":16},"end":{"line":79,"column":1}},"46":{"start":{"line":78,"column":2},"end":{"line":78,"column":54}},"47":{"start":{"line":78,"column":30},"end":{"line":78,"column":52}},"48":{"start":{"line":81,"column":20},"end":{"line":93,"column":1}},"49":{"start":{"line":82,"column":2},"end":{"line":92,"column":7}},"50":{"start":{"line":87,"column":6},"end":{"line":87,"column":33}},"51":{"start":{"line":88,"column":6},"end":{"line":88,"column":51}},"52":{"start":{"line":91,"column":6},"end":{"line":91,"column":25}},"53":{"start":{"line":95,"column":20},"end":{"line":107,"column":1}},"54":{"start":{"line":96,"column":2},"end":{"line":106,"column":7}},"55":{"start":{"line":102,"column":6},"end":{"line":102,"column":33}},"56":{"start":{"line":105,"column":6},"end":{"line":105,"column":25}},"57":{"start":{"line":109,"column":0},"end":{"line":156,"column":3}},"58":{"start":{"line":111,"column":2},"end":{"line":111,"column":35}},"59":{"start":{"line":115,"column":2},"end":{"line":118,"column":5}},"60":{"start":{"line":116,"column":4},"end":{"line":116,"column":31}},"61":{"start":{"line":117,"column":4},"end":{"line":117,"column":31}},"62":{"start":{"line":121,"column":2},"end":{"line":148,"column":5}},"63":{"start":{"line":126,"column":17},"end":{"line":126,"column":36}},"64":{"start":{"line":128,"column":4},"end":{"line":147,"column":9}},"65":{"start":{"line":130,"column":8},"end":{"line":130,"column":53}},"66":{"start":{"line":131,"column":8},"end":{"line":143,"column":9}},"67":{"start":{"line":132,"column":10},"end":{"line":132,"column":55}},"68":{"start":{"line":133,"column":10},"end":{"line":136,"column":13}},"69":{"start":{"line":138,"column":10},"end":{"line":138,"column":49}},"70":{"start":{"line":139,"column":10},"end":{"line":142,"column":13}},"71":{"start":{"line":146,"column":8},"end":{"line":146,"column":27}},"72":{"start":{"line":151,"column":2},"end":{"line":155,"column":5}},"73":{"start":{"line":152,"column":4},"end":{"line":152,"column":40}},"74":{"start":{"line":153,"column":4},"end":{"line":153,"column":26}},"75":{"start":{"line":154,"column":4},"end":{"line":154,"column":31}},"76":{"start":{"line":158,"column":14},"end":{"line":169,"column":1}},"77":{"start":{"line":159,"column":2},"end":{"line":168,"column":5}},"78":{"start":{"line":160,"column":4},"end":{"line":165,"column":5}},"79":{"start":{"line":161,"column":6},"end":{"line":161,"column":37}},"80":{"start":{"line":162,"column":6},"end":{"line":162,"column":67}},"81":{"start":{"line":164,"column":6},"end":{"line":164,"column":65}},"82":{"start":{"line":167,"column":4},"end":{"line":167,"column":46}},"83":{"start":{"line":170,"column":0},"end":{"line":173,"column":1}}},"fnMap":{"0":{"name":"(anonymous_0)","decl":{"start":{"line":38,"column":15},"end":{"line":38,"column":16}},"loc":{"start":{"line":38,"column":34},"end":{"line":40,"column":3}},"line":38},"1":{"name":"(anonymous_1)","decl":{"start":{"line":41,"column":12},"end":{"line":41,"column":13}},"loc":{"start":{"line":41,"column":31},"end":{"line":43,"column":3}},"line":41},"2":{"name":"(anonymous_2)","decl":{"start":{"line":49,"column":47},"end":{"line":49,"column":48}},"loc":{"start":{"line":49,"column":61},"end":{"line":55,"column":1}},"line":49},"3":{"name":"(anonymous_3)","decl":{"start":{"line":65,"column":16},"end":{"line":65,"column":17}},"loc":{"start":{"line":65,"column":38},"end":{"line":71,"column":1}},"line":65},"4":{"name":"(anonymous_4)","decl":{"start":{"line":66,"column":14},"end":{"line":66,"column":15}},"loc":{"start":{"line":66,"column":24},"end":{"line":66,"column":46}},"line":66},"5":{"name":"(anonymous_5)","decl":{"start":{"line":73,"column":19},"end":{"line":73,"column":20}},"loc":{"start":{"line":73,"column":33},"end":{"line":75,"column":1}},"line":73},"6":{"name":"(anonymous_6)","decl":{"start":{"line":74,"column":23},"end":{"line":74,"column":24}},"loc":{"start":{"line":74,"column":33},"end":{"line":74,"column":59}},"line":74},"7":{"name":"(anonymous_7)","decl":{"start":{"line":77,"column":16},"end":{"line":77,"column":17}},"loc":{"start":{"line":77,"column":28},"end":{"line":79,"column":1}},"line":77},"8":{"name":"(anonymous_8)","decl":{"start":{"line":78,"column":20},"end":{"line":78,"column":21}},"loc":{"start":{"line":78,"column":30},"end":{"line":78,"column":52}},"line":78},"9":{"name":"(anonymous_9)","decl":{"start":{"line":81,"column":20},"end":{"line":81,"column":21}},"loc":{"start":{"line":81,"column":52},"end":{"line":93,"column":1}},"line":81},"10":{"name":"(anonymous_10)","decl":{"start":{"line":86,"column":10},"end":{"line":86,"column":11}},"loc":{"start":{"line":86,"column":24},"end":{"line":89,"column":5}},"line":86},"11":{"name":"(anonymous_11)","decl":{"start":{"line":90,"column":11},"end":{"line":90,"column":12}},"loc":{"start":{"line":90,"column":28},"end":{"line":92,"column":5}},"line":90},"12":{"name":"(anonymous_12)","decl":{"start":{"line":95,"column":20},"end":{"line":95,"column":21}},"loc":{"start":{"line":95,"column":54},"end":{"line":107,"column":1}},"line":95},"13":{"name":"(anonymous_13)","decl":{"start":{"line":101,"column":10},"end":{"line":101,"column":11}},"loc":{"start":{"line":101,"column":24},"end":{"line":103,"column":5}},"line":101},"14":{"name":"(anonymous_14)","decl":{"start":{"line":104,"column":11},"end":{"line":104,"column":12}},"loc":{"start":{"line":104,"column":28},"end":{"line":106,"column":5}},"line":104},"15":{"name":"(anonymous_15)","decl":{"start":{"line":109,"column":20},"end":{"line":109,"column":21}},"loc":{"start":{"line":109,"column":32},"end":{"line":156,"column":1}},"line":109},"16":{"name":"(anonymous_16)","decl":{"start":{"line":115,"column":23},"end":{"line":115,"column":24}},"loc":{"start":{"line":115,"column":35},"end":{"line":118,"column":3}},"line":115},"17":{"name":"(anonymous_17)","decl":{"start":{"line":121,"column":27},"end":{"line":121,"column":28}},"loc":{"start":{"line":125,"column":8},"end":{"line":148,"column":3}},"line":125},"18":{"name":"(anonymous_18)","decl":{"start":{"line":129,"column":12},"end":{"line":129,"column":13}},"loc":{"start":{"line":129,"column":26},"end":{"line":144,"column":7}},"line":129},"19":{"name":"(anonymous_19)","decl":{"start":{"line":145,"column":13},"end":{"line":145,"column":14}},"loc":{"start":{"line":145,"column":30},"end":{"line":147,"column":7}},"line":145},"20":{"name":"(anonymous_20)","decl":{"start":{"line":151,"column":26},"end":{"line":151,"column":27}},"loc":{"start":{"line":151,"column":32},"end":{"line":155,"column":3}},"line":151},"21":{"name":"(anonymous_21)","decl":{"start":{"line":158,"column":14},"end":{"line":158,"column":15}},"loc":{"start":{"line":158,"column":24},"end":{"line":169,"column":1}},"line":158},"22":{"name":"(anonymous_22)","decl":{"start":{"line":159,"column":22},"end":{"line":159,"column":23}},"loc":{"start":{"line":159,"column":34},"end":{"line":168,"column":3}},"line":159}},"branchMap":{"0":{"loc":{"start":{"line":66,"column":2},"end":{"line":70,"column":6}},"type":"binary-expr","locations":[{"start":{"line":66,"column":2},"end":{"line":66,"column":47}},{"start":{"line":67,"column":4},"end":{"line":70,"column":6}}],"line":66},"1":{"loc":{"start":{"line":131,"column":8},"end":{"line":143,"column":9}},"type":"if","locations":[{"start":{"line":131,"column":8},"end":{"line":143,"column":9}},{"start":{"line":131,"column":8},"end":{"line":143,"column":9}}],"line":131}},"s":{"0":1,"1":1,"2":1,"3":1,"4":1,"5":1,"6":1,"7":1,"8":1,"9":1,"10":1,"11":1,"12":1,"13":1,"14":1,"15":1,"16":1,"17":1,"18":1,"19":1,"20":1,"21":1,"22":1,"23":1,"24":1,"25":1,"26":0,"27":0,"28":1,"29":1,"30":0,"31":0,"32":0,"33":1,"34":1,"35":1,"36":1,"37":1,"38":1,"39":1,"40":0,"41":0,"42":1,"43":0,"44":0,"45":1,"46":0,"47":0,"48":1,"49":0,"50":0,"51":0,"52":0,"53":1,"54":0,"55":0,"56":0,"57":1,"58":0,"59":0,"60":0,"61":0,"62":0,"63":0,"64":0,"65":0,"66":0,"67":0,"68":0,"69":0,"70":0,"71":0,"72":0,"73":0,"74":0,"75":0,"76":1,"77":0,"78":0,"79":0,"80":0,"81":0,"82":0,"83":1},"f":{"0":0,"1":0,"2":0,"3":0,"4":0,"5":0,"6":0,"7":0,"8":0,"9":0,"10":0,"11":0,"12":0,"13":0,"14":0,"15":0,"16":0,"17":0,"18":0,"19":0,"20":0,"21":0,"22":0},"b":{"0":[0,0],"1":[0,0]},"_coverageSchema":"1a1c01bbd47fc00a2c39e90264f33305004495a9","hash":"8db9456f0e9a50a6954d4fa01c04923a5f94ecaf"}
,"/home/saif/projects/Dev-Corner/api/models/Conversation.js": {"path":"/home/saif/projects/Dev-Corner/api/models/Conversation.js","statementMap":{"0":{"start":{"line":4,"column":4},"end":{"line":4,"column":24}},"1":{"start":{"line":6,"column":18},"end":{"line":6,"column":65}},"2":{"start":{"line":8,"column":27},"end":{"line":14,"column":2}},"3":{"start":{"line":19,"column":0},"end":{"line":19,"column":36}}},"fnMap":{},"branchMap":{},"s":{"0":1,"1":1,"2":1,"3":1},"f":{},"b":{},"_coverageSchema":"1a1c01bbd47fc00a2c39e90264f33305004495a9","hash":"3379a95787c1c969687cd85c2514f5698552b3b3"}
,"/home/saif/projects/Dev-Corner/api/models/Message.js": {"path":"/home/saif/projects/Dev-Corner/api/models/Message.js","statementMap":{"0":{"start":{"line":4,"column":4},"end":{"line":4,"column":24}},"1":{"start":{"line":6,"column":18},"end":{"line":6,"column":65}},"2":{"start":{"line":8,"column":22},"end":{"line":19,"column":2}},"3":{"start":{"line":21,"column":0},"end":{"line":21,"column":30}}},"fnMap":{},"branchMap":{},"s":{"0":1,"1":1,"2":1,"3":1},"f":{},"b":{},"_coverageSchema":"1a1c01bbd47fc00a2c39e90264f33305004495a9","hash":"226375e13f44a0710d596e4fc087bb86cfe3c99f"}
,"/home/saif/projects/Dev-Corner/api/models/Post.js": {"path":"/home/saif/projects/Dev-Corner/api/models/Post.js","statementMap":{"0":{"start":{"line":4,"column":4},"end":{"line":4,"column":24}},"1":{"start":{"line":6,"column":18},"end":{"line":6,"column":65}},"2":{"start":{"line":8,"column":19},"end":{"line":26,"column":2}},"3":{"start":{"line":28,"column":0},"end":{"line":28,"column":28}}},"fnMap":{},"branchMap":{},"s":{"0":1,"1":1,"2":1,"3":1},"f":{},"b":{},"_coverageSchema":"1a1c01bbd47fc00a2c39e90264f33305004495a9","hash":"00b9c13f8a9a1d3465f275b04c2798f6d53397db"}
,"/home/saif/projects/Dev-Corner/api/models/User.js": {"path":"/home/saif/projects/Dev-Corner/api/models/User.js","statementMap":{"0":{"start":{"line":4,"column":4},"end":{"line":4,"column":24}},"1":{"start":{"line":6,"column":18},"end":{"line":6,"column":65}},"2":{"start":{"line":8,"column":19},"end":{"line":73,"column":2}},"3":{"start":{"line":75,"column":0},"end":{"line":75,"column":27}}},"fnMap":{},"branchMap":{},"s":{"0":1,"1":1,"2":1,"3":1},"f":{},"b":{},"_coverageSchema":"1a1c01bbd47fc00a2c39e90264f33305004495a9","hash":"0c01b965cc8f524ddc219d4f094ce7275b2548fa"}
,"/home/saif/projects/Dev-Corner/api/routes/auth.js": {"path":"/home/saif/projects/Dev-Corner/api/routes/auth.js","statementMap":{"0":{"start":{"line":1,"column":15},"end":{"line":1,"column":42}},"1":{"start":{"line":2,"column":13},"end":{"line":2,"column":38}},"2":{"start":{"line":3,"column":15},"end":{"line":3,"column":32}},"3":{"start":{"line":5,"column":0},"end":{"line":23,"column":3}},"4":{"start":{"line":6,"column":2},"end":{"line":22,"column":3}},"5":{"start":{"line":8,"column":17},"end":{"line":8,"column":41}},"6":{"start":{"line":9,"column":27},"end":{"line":9,"column":69}},"7":{"start":{"line":10,"column":4},"end":{"line":10,"column":21}},"8":{"start":{"line":12,"column":20},"end":{"line":16,"column":6}},"9":{"start":{"line":18,"column":17},"end":{"line":18,"column":37}},"10":{"start":{"line":19,"column":4},"end":{"line":19,"column":31}},"11":{"start":{"line":21,"column":4},"end":{"line":21,"column":29}},"12":{"start":{"line":25,"column":0},"end":{"line":38,"column":3}},"13":{"start":{"line":26,"column":2},"end":{"line":37,"column":3}},"14":{"start":{"line":27,"column":17},"end":{"line":31,"column":6}},"15":{"start":{"line":32,"column":4},"end":{"line":32,"column":52}},"16":{"start":{"line":34,"column":4},"end":{"line":34,"column":30}},"17":{"start":{"line":36,"column":4},"end":{"line":36,"column":29}},"18":{"start":{"line":40,"column":0},"end":{"line":40,"column":24}}},"fnMap":{"0":{"name":"(anonymous_0)","decl":{"start":{"line":5,"column":25},"end":{"line":5,"column":26}},"loc":{"start":{"line":5,"column":45},"end":{"line":23,"column":1}},"line":5},"1":{"name":"(anonymous_1)","decl":{"start":{"line":25,"column":22},"end":{"line":25,"column":23}},"loc":{"start":{"line":25,"column":42},"end":{"line":38,"column":1}},"line":25}},"branchMap":{"0":{"loc":{"start":{"line":32,"column":4},"end":{"line":32,"column":51}},"type":"binary-expr","locations":[{"start":{"line":32,"column":4},"end":{"line":32,"column":9}},{"start":{"line":32,"column":13},"end":{"line":32,"column":51}}],"line":32}},"s":{"0":1,"1":1,"2":1,"3":1,"4":1,"5":1,"6":1,"7":1,"8":1,"9":1,"10":1,"11":0,"12":1,"13":1,"14":1,"15":1,"16":1,"17":1,"18":1},"f":{"0":1,"1":1},"b":{"0":[1,1]},"_coverageSchema":"1a1c01bbd47fc00a2c39e90264f33305004495a9","hash":"d5ac77fe1c7edfc6958b5738ca6755dd416b8054"}
,"/home/saif/projects/Dev-Corner/api/routes/conversations.js": {"path":"/home/saif/projects/Dev-Corner/api/routes/conversations.js","statementMap":{"0":{"start":{"line":3,"column":15},"end":{"line":3,"column":42}},"1":{"start":{"line":4,"column":21},"end":{"line":4,"column":54}},"2":{"start":{"line":5,"column":18},"end":{"line":5,"column":38}},"3":{"start":{"line":7,"column":11},"end":{"line":7,"column":23}},"4":{"start":{"line":9,"column":0},"end":{"line":30,"column":3}},"5":{"start":{"line":10,"column":2},"end":{"line":10,"column":27}},"6":{"start":{"line":11,"column":26},"end":{"line":13,"column":4}},"7":{"start":{"line":16,"column":2},"end":{"line":16,"column":33}},"8":{"start":{"line":17,"column":2},"end":{"line":17,"column":35}},"9":{"start":{"line":20,"column":2},"end":{"line":29,"column":3}},"10":{"start":{"line":21,"column":4},"end":{"line":21,"column":40}},"11":{"start":{"line":22,"column":4},"end":{"line":22,"column":52}},"12":{"start":{"line":23,"column":30},"end":{"line":23,"column":58}},"13":{"start":{"line":24,"column":4},"end":{"line":24,"column":56}},"14":{"start":{"line":25,"column":4},"end":{"line":25,"column":44}},"15":{"start":{"line":27,"column":4},"end":{"line":27,"column":30}},"16":{"start":{"line":34,"column":0},"end":{"line":66,"column":3}},"17":{"start":{"line":35,"column":2},"end":{"line":65,"column":3}},"18":{"start":{"line":36,"column":17},"end":{"line":36,"column":47}},"19":{"start":{"line":37,"column":25},"end":{"line":59,"column":6}},"20":{"start":{"line":60,"column":4},"end":{"line":60,"column":30}},"21":{"start":{"line":61,"column":4},"end":{"line":61,"column":39}},"22":{"start":{"line":63,"column":4},"end":{"line":63,"column":30}},"23":{"start":{"line":68,"column":0},"end":{"line":84,"column":3}},"24":{"start":{"line":69,"column":2},"end":{"line":83,"column":3}},"25":{"start":{"line":70,"column":22},"end":{"line":70,"column":57}},"26":{"start":{"line":71,"column":23},"end":{"line":71,"column":59}},"27":{"start":{"line":72,"column":25},"end":{"line":78,"column":6}},"28":{"start":{"line":79,"column":4},"end":{"line":79,"column":38}},"29":{"start":{"line":82,"column":4},"end":{"line":82,"column":21}},"30":{"start":{"line":86,"column":0},"end":{"line":86,"column":24}}},"fnMap":{"0":{"name":"(anonymous_0)","decl":{"start":{"line":9,"column":17},"end":{"line":9,"column":18}},"loc":{"start":{"line":9,"column":37},"end":{"line":30,"column":1}},"line":9},"1":{"name":"(anonymous_1)","decl":{"start":{"line":34,"column":23},"end":{"line":34,"column":24}},"loc":{"start":{"line":34,"column":43},"end":{"line":66,"column":1}},"line":34},"2":{"name":"(anonymous_2)","decl":{"start":{"line":68,"column":47},"end":{"line":68,"column":48}},"loc":{"start":{"line":68,"column":67},"end":{"line":84,"column":1}},"line":68}},"branchMap":{},"s":{"0":1,"1":1,"2":1,"3":1,"4":1,"5":0,"6":0,"7":0,"8":0,"9":0,"10":0,"11":0,"12":0,"13":0,"14":0,"15":0,"16":1,"17":0,"18":0,"19":0,"20":0,"21":0,"22":0,"23":1,"24":0,"25":0,"26":0,"27":0,"28":0,"29":0,"30":1},"f":{"0":0,"1":0,"2":0},"b":{},"_coverageSchema":"1a1c01bbd47fc00a2c39e90264f33305004495a9","hash":"e2ce57fb08f0c8100f2bdf234a17312452bf1aa0"}
,"/home/saif/projects/Dev-Corner/api/routes/messages.js": {"path":"/home/saif/projects/Dev-Corner/api/routes/messages.js","statementMap":{"0":{"start":{"line":1,"column":15},"end":{"line":1,"column":42}},"1":{"start":{"line":2,"column":16},"end":{"line":2,"column":44}},"2":{"start":{"line":4,"column":0},"end":{"line":13,"column":3}},"3":{"start":{"line":5,"column":2},"end":{"line":5,"column":22}},"4":{"start":{"line":6,"column":21},"end":{"line":6,"column":44}},"5":{"start":{"line":7,"column":2},"end":{"line":12,"column":3}},"6":{"start":{"line":8,"column":25},"end":{"line":8,"column":48}},"7":{"start":{"line":9,"column":4},"end":{"line":9,"column":39}},"8":{"start":{"line":11,"column":4},"end":{"line":11,"column":30}},"9":{"start":{"line":15,"column":0},"end":{"line":27,"column":3}},"10":{"start":{"line":16,"column":2},"end":{"line":26,"column":3}},"11":{"start":{"line":17,"column":24},"end":{"line":17,"column":62}},"12":{"start":{"line":18,"column":21},"end":{"line":22,"column":6}},"13":{"start":{"line":23,"column":4},"end":{"line":23,"column":35}},"14":{"start":{"line":25,"column":4},"end":{"line":25,"column":30}},"15":{"start":{"line":29,"column":0},"end":{"line":29,"column":24}}},"fnMap":{"0":{"name":"(anonymous_0)","decl":{"start":{"line":4,"column":17},"end":{"line":4,"column":18}},"loc":{"start":{"line":4,"column":37},"end":{"line":13,"column":1}},"line":4},"1":{"name":"(anonymous_1)","decl":{"start":{"line":15,"column":31},"end":{"line":15,"column":32}},"loc":{"start":{"line":15,"column":51},"end":{"line":27,"column":1}},"line":15}},"branchMap":{},"s":{"0":1,"1":1,"2":1,"3":0,"4":0,"5":0,"6":0,"7":0,"8":0,"9":1,"10":0,"11":0,"12":0,"13":0,"14":0,"15":1},"f":{"0":0,"1":0},"b":{},"_coverageSchema":"1a1c01bbd47fc00a2c39e90264f33305004495a9","hash":"72507386027bff0161adf4305ca9e0bed6e5f913"}
,"/home/saif/projects/Dev-Corner/api/routes/posts.js": {"path":"/home/saif/projects/Dev-Corner/api/routes/posts.js","statementMap":{"0":{"start":{"line":1,"column":15},"end":{"line":1,"column":42}},"1":{"start":{"line":2,"column":13},"end":{"line":2,"column":38}},"2":{"start":{"line":3,"column":13},"end":{"line":3,"column":38}},"3":{"start":{"line":5,"column":0},"end":{"line":14,"column":3}},"4":{"start":{"line":6,"column":2},"end":{"line":6,"column":19}},"5":{"start":{"line":7,"column":18},"end":{"line":7,"column":38}},"6":{"start":{"line":8,"column":2},"end":{"line":13,"column":3}},"7":{"start":{"line":9,"column":22},"end":{"line":9,"column":42}},"8":{"start":{"line":10,"column":4},"end":{"line":10,"column":36}},"9":{"start":{"line":12,"column":4},"end":{"line":12,"column":30}},"10":{"start":{"line":16,"column":0},"end":{"line":30,"column":3}},"11":{"start":{"line":17,"column":2},"end":{"line":29,"column":3}},"12":{"start":{"line":18,"column":17},"end":{"line":18,"column":51}},"13":{"start":{"line":19,"column":4},"end":{"line":19,"column":29}},"14":{"start":{"line":20,"column":4},"end":{"line":20,"column":33}},"15":{"start":{"line":21,"column":4},"end":{"line":26,"column":5}},"16":{"start":{"line":22,"column":6},"end":{"line":22,"column":33}},"17":{"start":{"line":23,"column":6},"end":{"line":23,"column":56}},"18":{"start":{"line":25,"column":6},"end":{"line":25,"column":60}},"19":{"start":{"line":28,"column":4},"end":{"line":28,"column":30}},"20":{"start":{"line":32,"column":0},"end":{"line":44,"column":3}},"21":{"start":{"line":33,"column":2},"end":{"line":43,"column":3}},"22":{"start":{"line":34,"column":17},"end":{"line":34,"column":51}},"23":{"start":{"line":35,"column":4},"end":{"line":40,"column":5}},"24":{"start":{"line":36,"column":6},"end":{"line":36,"column":27}},"25":{"start":{"line":37,"column":6},"end":{"line":37,"column":56}},"26":{"start":{"line":39,"column":6},"end":{"line":39,"column":60}},"27":{"start":{"line":42,"column":4},"end":{"line":42,"column":30}},"28":{"start":{"line":46,"column":0},"end":{"line":63,"column":3}},"29":{"start":{"line":47,"column":2},"end":{"line":62,"column":3}},"30":{"start":{"line":48,"column":17},"end":{"line":48,"column":51}},"31":{"start":{"line":49,"column":4},"end":{"line":59,"column":5}},"32":{"start":{"line":50,"column":6},"end":{"line":50,"column":44}},"33":{"start":{"line":51,"column":6},"end":{"line":51,"column":40}},"34":{"start":{"line":52,"column":6},"end":{"line":52,"column":23}},"35":{"start":{"line":53,"column":6},"end":{"line":53,"column":54}},"36":{"start":{"line":55,"column":6},"end":{"line":55,"column":43}},"37":{"start":{"line":56,"column":6},"end":{"line":56,"column":40}},"38":{"start":{"line":57,"column":6},"end":{"line":57,"column":23}},"39":{"start":{"line":58,"column":6},"end":{"line":58,"column":57}},"40":{"start":{"line":61,"column":4},"end":{"line":61,"column":30}},"41":{"start":{"line":65,"column":0},"end":{"line":72,"column":3}},"42":{"start":{"line":66,"column":2},"end":{"line":71,"column":3}},"43":{"start":{"line":67,"column":17},"end":{"line":67,"column":51}},"44":{"start":{"line":68,"column":4},"end":{"line":68,"column":31}},"45":{"start":{"line":70,"column":4},"end":{"line":70,"column":30}},"46":{"start":{"line":74,"column":0},"end":{"line":103,"column":3}},"47":{"start":{"line":75,"column":2},"end":{"line":102,"column":3}},"48":{"start":{"line":76,"column":13},"end":{"line":76,"column":30}},"49":{"start":{"line":77,"column":24},"end":{"line":77,"column":51}},"50":{"start":{"line":78,"column":4},"end":{"line":78,"column":46}},"51":{"start":{"line":79,"column":4},"end":{"line":82,"column":32}},"52":{"start":{"line":80,"column":4},"end":{"line":80,"column":32}},"53":{"start":{"line":82,"column":4},"end":{"line":82,"column":32}},"54":{"start":{"line":83,"column":22},"end":{"line":87,"column":6}},"55":{"start":{"line":88,"column":4},"end":{"line":88,"column":33}},"56":{"start":{"line":89,"column":24},"end":{"line":97,"column":5}},"57":{"start":{"line":91,"column":8},"end":{"line":95,"column":11}},"58":{"start":{"line":98,"column":4},"end":{"line":98,"column":59}},"59":{"start":{"line":101,"column":4},"end":{"line":101,"column":21}},"60":{"start":{"line":105,"column":0},"end":{"line":121,"column":3}},"61":{"start":{"line":106,"column":2},"end":{"line":120,"column":3}},"62":{"start":{"line":107,"column":17},"end":{"line":111,"column":6}},"63":{"start":{"line":112,"column":18},"end":{"line":116,"column":6}},"64":{"start":{"line":117,"column":4},"end":{"line":117,"column":32}},"65":{"start":{"line":119,"column":4},"end":{"line":119,"column":30}},"66":{"start":{"line":123,"column":0},"end":{"line":123,"column":24}}},"fnMap":{"0":{"name":"(anonymous_0)","decl":{"start":{"line":5,"column":17},"end":{"line":5,"column":18}},"loc":{"start":{"line":5,"column":37},"end":{"line":14,"column":1}},"line":5},"1":{"name":"(anonymous_1)","decl":{"start":{"line":16,"column":19},"end":{"line":16,"column":20}},"loc":{"start":{"line":16,"column":39},"end":{"line":30,"column":1}},"line":16},"2":{"name":"(anonymous_2)","decl":{"start":{"line":32,"column":22},"end":{"line":32,"column":23}},"loc":{"start":{"line":32,"column":42},"end":{"line":44,"column":1}},"line":32},"3":{"name":"(anonymous_3)","decl":{"start":{"line":46,"column":24},"end":{"line":46,"column":25}},"loc":{"start":{"line":46,"column":44},"end":{"line":63,"column":1}},"line":46},"4":{"name":"(anonymous_4)","decl":{"start":{"line":65,"column":19},"end":{"line":65,"column":20}},"loc":{"start":{"line":65,"column":39},"end":{"line":72,"column":1}},"line":65},"5":{"name":"(anonymous_5)","decl":{"start":{"line":74,"column":32},"end":{"line":74,"column":33}},"loc":{"start":{"line":74,"column":52},"end":{"line":103,"column":1}},"line":74},"6":{"name":"(anonymous_6)","decl":{"start":{"line":90,"column":33},"end":{"line":90,"column":34}},"loc":{"start":{"line":90,"column":47},"end":{"line":96,"column":7}},"line":90},"7":{"name":"(anonymous_7)","decl":{"start":{"line":105,"column":33},"end":{"line":105,"column":34}},"loc":{"start":{"line":105,"column":53},"end":{"line":121,"column":1}},"line":105}},"branchMap":{"0":{"loc":{"start":{"line":21,"column":4},"end":{"line":26,"column":5}},"type":"if","locations":[{"start":{"line":21,"column":4},"end":{"line":26,"column":5}},{"start":{"line":21,"column":4},"end":{"line":26,"column":5}}],"line":21},"1":{"loc":{"start":{"line":35,"column":4},"end":{"line":40,"column":5}},"type":"if","locations":[{"start":{"line":35,"column":4},"end":{"line":40,"column":5}},{"start":{"line":35,"column":4},"end":{"line":40,"column":5}}],"line":35},"2":{"loc":{"start":{"line":49,"column":4},"end":{"line":59,"column":5}},"type":"if","locations":[{"start":{"line":49,"column":4},"end":{"line":59,"column":5}},{"start":{"line":49,"column":4},"end":{"line":59,"column":5}}],"line":49},"3":{"loc":{"start":{"line":79,"column":4},"end":{"line":82,"column":32}},"type":"if","locations":[{"start":{"line":79,"column":4},"end":{"line":82,"column":32}},{"start":{"line":79,"column":4},"end":{"line":82,"column":32}}],"line":79}},"s":{"0":1,"1":1,"2":1,"3":1,"4":0,"5":0,"6":0,"7":0,"8":0,"9":0,"10":1,"11":0,"12":0,"13":0,"14":0,"15":0,"16":0,"17":0,"18":0,"19":0,"20":1,"21":0,"22":0,"23":0,"24":0,"25":0,"26":0,"27":0,"28":1,"29":0,"30":0,"31":0,"32":0,"33":0,"34":0,"35":0,"36":0,"37":0,"38":0,"39":0,"40":0,"41":1,"42":0,"43":0,"44":0,"45":0,"46":1,"47":0,"48":0,"49":0,"50":0,"51":0,"52":0,"53":0,"54":0,"55":0,"56":0,"57":0,"58":0,"59":0,"60":1,"61":0,"62":0,"63":0,"64":0,"65":0,"66":1},"f":{"0":0,"1":0,"2":0,"3":0,"4":0,"5":0,"6":0,"7":0},"b":{"0":[0,0],"1":[0,0],"2":[0,0],"3":[0,0]},"_coverageSchema":"1a1c01bbd47fc00a2c39e90264f33305004495a9","hash":"262bbc1136e2aec0dbff015db46da28ea2394d99"}
,"/home/saif/projects/Dev-Corner/api/routes/users.js": {"path":"/home/saif/projects/Dev-Corner/api/routes/users.js","statementMap":{"0":{"start":{"line":1,"column":13},"end":{"line":1,"column":38}},"1":{"start":{"line":2,"column":15},"end":{"line":2,"column":42}},"2":{"start":{"line":3,"column":15},"end":{"line":3,"column":32}},"3":{"start":{"line":5,"column":0},"end":{"line":26,"column":3}},"4":{"start":{"line":6,"column":2},"end":{"line":25,"column":3}},"5":{"start":{"line":7,"column":4},"end":{"line":14,"column":5}},"6":{"start":{"line":8,"column":6},"end":{"line":13,"column":7}},"7":{"start":{"line":9,"column":21},"end":{"line":9,"column":45}},"8":{"start":{"line":10,"column":8},"end":{"line":10,"column":71}},"9":{"start":{"line":12,"column":8},"end":{"line":12,"column":41}},"10":{"start":{"line":15,"column":4},"end":{"line":22,"column":5}},"11":{"start":{"line":16,"column":19},"end":{"line":16,"column":53}},"12":{"start":{"line":17,"column":6},"end":{"line":17,"column":33}},"13":{"start":{"line":18,"column":6},"end":{"line":18,"column":24}},"14":{"start":{"line":19,"column":6},"end":{"line":19,"column":55}},"15":{"start":{"line":21,"column":6},"end":{"line":21,"column":39}},"16":{"start":{"line":24,"column":4},"end":{"line":24,"column":69}},"17":{"start":{"line":28,"column":0},"end":{"line":40,"column":3}},"18":{"start":{"line":29,"column":2},"end":{"line":39,"column":3}},"19":{"start":{"line":30,"column":4},"end":{"line":36,"column":5}},"20":{"start":{"line":31,"column":19},"end":{"line":31,"column":53}},"21":{"start":{"line":32,"column":6},"end":{"line":32,"column":27}},"22":{"start":{"line":33,"column":6},"end":{"line":33,"column":55}},"23":{"start":{"line":35,"column":6},"end":{"line":35,"column":39}},"24":{"start":{"line":38,"column":4},"end":{"line":38,"column":69}},"25":{"start":{"line":42,"column":0},"end":{"line":54,"column":3}},"26":{"start":{"line":43,"column":2},"end":{"line":53,"column":3}},"27":{"start":{"line":44,"column":17},"end":{"line":44,"column":40}},"28":{"start":{"line":45,"column":17},"end":{"line":45,"column":56}},"29":{"start":{"line":48,"column":48},"end":{"line":48,"column":63}},"30":{"start":{"line":49,"column":4},"end":{"line":49,"column":32}},"31":{"start":{"line":51,"column":6},"end":{"line":51,"column":23}},"32":{"start":{"line":52,"column":4},"end":{"line":52,"column":30}},"33":{"start":{"line":79,"column":0},"end":{"line":104,"column":3}},"34":{"start":{"line":80,"column":2},"end":{"line":103,"column":3}},"35":{"start":{"line":81,"column":17},"end":{"line":81,"column":55}},"36":{"start":{"line":82,"column":20},"end":{"line":86,"column":5}},"37":{"start":{"line":84,"column":8},"end":{"line":84,"column":39}},"38":{"start":{"line":87,"column":21},"end":{"line":87,"column":23}},"39":{"start":{"line":88,"column":4},"end":{"line":99,"column":7}},"40":{"start":{"line":93,"column":10},"end":{"line":93,"column":16}},"41":{"start":{"line":94,"column":6},"end":{"line":98,"column":9}},"42":{"start":{"line":100,"column":4},"end":{"line":100,"column":36}},"43":{"start":{"line":102,"column":4},"end":{"line":102,"column":30}},"44":{"start":{"line":106,"column":0},"end":{"line":130,"column":3}},"45":{"start":{"line":107,"column":2},"end":{"line":129,"column":3}},"46":{"start":{"line":108,"column":4},"end":{"line":126,"column":5}},"47":{"start":{"line":109,"column":21},"end":{"line":109,"column":36}},"48":{"start":{"line":110,"column":19},"end":{"line":110,"column":53}},"49":{"start":{"line":111,"column":26},"end":{"line":111,"column":62}},"50":{"start":{"line":112,"column":6},"end":{"line":122,"column":7}},"51":{"start":{"line":113,"column":8},"end":{"line":113,"column":50}},"52":{"start":{"line":114,"column":8},"end":{"line":114,"column":46}},"53":{"start":{"line":115,"column":8},"end":{"line":115,"column":25}},"54":{"start":{"line":116,"column":8},"end":{"line":116,"column":56}},"55":{"start":{"line":117,"column":8},"end":{"line":117,"column":54}},"56":{"start":{"line":118,"column":8},"end":{"line":118,"column":32}},"57":{"start":{"line":119,"column":8},"end":{"line":119,"column":55}},"58":{"start":{"line":121,"column":8},"end":{"line":121,"column":62}},"59":{"start":{"line":125,"column":6},"end":{"line":125,"column":23}},"60":{"start":{"line":128,"column":4},"end":{"line":128,"column":53}},"61":{"start":{"line":132,"column":0},"end":{"line":155,"column":3}},"62":{"start":{"line":133,"column":2},"end":{"line":154,"column":3}},"63":{"start":{"line":134,"column":4},"end":{"line":151,"column":5}},"64":{"start":{"line":135,"column":21},"end":{"line":135,"column":36}},"65":{"start":{"line":136,"column":19},"end":{"line":136,"column":53}},"66":{"start":{"line":137,"column":26},"end":{"line":137,"column":62}},"67":{"start":{"line":138,"column":6},"end":{"line":148,"column":7}},"68":{"start":{"line":139,"column":8},"end":{"line":139,"column":50}},"69":{"start":{"line":140,"column":8},"end":{"line":140,"column":46}},"70":{"start":{"line":141,"column":8},"end":{"line":141,"column":25}},"71":{"start":{"line":142,"column":8},"end":{"line":142,"column":56}},"72":{"start":{"line":143,"column":8},"end":{"line":143,"column":54}},"73":{"start":{"line":144,"column":8},"end":{"line":144,"column":32}},"74":{"start":{"line":145,"column":8},"end":{"line":145,"column":57}},"75":{"start":{"line":147,"column":8},"end":{"line":147,"column":58}},"76":{"start":{"line":150,"column":6},"end":{"line":150,"column":32}},"77":{"start":{"line":153,"column":4},"end":{"line":153,"column":55}},"78":{"start":{"line":157,"column":0},"end":{"line":157,"column":24}}},"fnMap":{"0":{"name":"(anonymous_0)","decl":{"start":{"line":5,"column":19},"end":{"line":5,"column":20}},"loc":{"start":{"line":5,"column":39},"end":{"line":26,"column":1}},"line":5},"1":{"name":"(anonymous_1)","decl":{"start":{"line":28,"column":22},"end":{"line":28,"column":23}},"loc":{"start":{"line":28,"column":42},"end":{"line":40,"column":1}},"line":28},"2":{"name":"(anonymous_2)","decl":{"start":{"line":42,"column":19},"end":{"line":42,"column":20}},"loc":{"start":{"line":42,"column":39},"end":{"line":54,"column":1}},"line":42},"3":{"name":"(anonymous_3)","decl":{"start":{"line":79,"column":31},"end":{"line":79,"column":32}},"loc":{"start":{"line":79,"column":51},"end":{"line":104,"column":1}},"line":79},"4":{"name":"(anonymous_4)","decl":{"start":{"line":83,"column":26},"end":{"line":83,"column":27}},"loc":{"start":{"line":83,"column":40},"end":{"line":85,"column":7}},"line":83},"5":{"name":"(anonymous_5)","decl":{"start":{"line":88,"column":16},"end":{"line":88,"column":17}},"loc":{"start":{"line":88,"column":28},"end":{"line":99,"column":5}},"line":88},"6":{"name":"(anonymous_6)","decl":{"start":{"line":106,"column":26},"end":{"line":106,"column":27}},"loc":{"start":{"line":106,"column":46},"end":{"line":130,"column":1}},"line":106},"7":{"name":"(anonymous_7)","decl":{"start":{"line":132,"column":28},"end":{"line":132,"column":29}},"loc":{"start":{"line":132,"column":48},"end":{"line":155,"column":1}},"line":132}},"branchMap":{"0":{"loc":{"start":{"line":6,"column":2},"end":{"line":25,"column":3}},"type":"if","locations":[{"start":{"line":6,"column":2},"end":{"line":25,"column":3}},{"start":{"line":6,"column":2},"end":{"line":25,"column":3}}],"line":6},"1":{"loc":{"start":{"line":6,"column":6},"end":{"line":6,"column":59}},"type":"binary-expr","locations":[{"start":{"line":6,"column":6},"end":{"line":6,"column":39}},{"start":{"line":6,"column":43},"end":{"line":6,"column":59}}],"line":6},"2":{"loc":{"start":{"line":7,"column":4},"end":{"line":14,"column":5}},"type":"if","locations":[{"start":{"line":7,"column":4},"end":{"line":14,"column":5}},{"start":{"line":7,"column":4},"end":{"line":14,"column":5}}],"line":7},"3":{"loc":{"start":{"line":29,"column":2},"end":{"line":39,"column":3}},"type":"if","locations":[{"start":{"line":29,"column":2},"end":{"line":39,"column":3}},{"start":{"line":29,"column":2},"end":{"line":39,"column":3}}],"line":29},"4":{"loc":{"start":{"line":29,"column":6},"end":{"line":29,"column":59}},"type":"binary-expr","locations":[{"start":{"line":29,"column":6},"end":{"line":29,"column":39}},{"start":{"line":29,"column":43},"end":{"line":29,"column":59}}],"line":29},"5":{"loc":{"start":{"line":107,"column":2},"end":{"line":129,"column":3}},"type":"if","locations":[{"start":{"line":107,"column":2},"end":{"line":129,"column":3}},{"start":{"line":107,"column":2},"end":{"line":129,"column":3}}],"line":107},"6":{"loc":{"start":{"line":112,"column":6},"end":{"line":122,"column":7}},"type":"if","locations":[{"start":{"line":112,"column":6},"end":{"line":122,"column":7}},{"start":{"line":112,"column":6},"end":{"line":122,"column":7}}],"line":112},"7":{"loc":{"start":{"line":133,"column":2},"end":{"line":154,"column":3}},"type":"if","locations":[{"start":{"line":133,"column":2},"end":{"line":154,"column":3}},{"start":{"line":133,"column":2},"end":{"line":154,"column":3}}],"line":133},"8":{"loc":{"start":{"line":138,"column":6},"end":{"line":148,"column":7}},"type":"if","locations":[{"start":{"line":138,"column":6},"end":{"line":148,"column":7}},{"start":{"line":138,"column":6},"end":{"line":148,"column":7}}],"line":138}},"s":{"0":1,"1":1,"2":1,"3":1,"4":1,"5":1,"6":0,"7":0,"8":0,"9":0,"10":1,"11":1,"12":1,"13":0,"14":0,"15":1,"16":0,"17":1,"18":1,"19":1,"20":1,"21":1,"22":0,"23":1,"24":0,"25":1,"26":1,"27":1,"28":1,"29":1,"30":0,"31":1,"32":1,"33":1,"34":0,"35":0,"36":0,"37":0,"38":0,"39":0,"40":0,"41":0,"42":0,"43":0,"44":1,"45":1,"46":0,"47":0,"48":0,"49":0,"50":0,"51":0,"52":0,"53":0,"54":0,"55":0,"56":0,"57":0,"58":0,"59":0,"60":1,"61":1,"62":2,"63":2,"64":2,"65":2,"66":2,"67":2,"68":0,"69":0,"70":0,"71":0,"72":0,"73":0,"74":0,"75":0,"76":2,"77":0,"78":1},"f":{"0":1,"1":1,"2":1,"3":0,"4":0,"5":0,"6":1,"7":2},"b":{"0":[1,0],"1":[1,0],"2":[0,1],"3":[1,0],"4":[1,0],"5":[0,1],"6":[0,0],"7":[2,0],"8":[0,0]},"_coverageSchema":"1a1c01bbd47fc00a2c39e90264f33305004495a9","hash":"91b8288592a7b7c45462d86b4c0f326a285fcb0a"}
}
