TN:
SF:server.js
FN:47,(anonymous_0)
FN:48,(anonymous_1)
FN:55,(anonymous_2)
FN:56,(anonymous_3)
FN:59,(anonymous_4)
FN:60,(anonymous_5)
FN:63,(anonymous_6)
FN:68,(anonymous_7)
FN:72,(anonymous_8)
FN:77,(anonymous_9)
FN:83,(anonymous_10)
FN:86,(anonymous_11)
FN:91,(anonymous_12)
FN:97,(anonymous_13)
FN:103,(anonymous_14)
FN:111,(anonymous_15)
FN:127,(anonymous_16)
FN:133,(anonymous_17)
FN:140,(anonymous_18)
FN:141,(anonymous_19)
FNF:20
FNH:0
FNDA:0,(anonymous_0)
FNDA:0,(anonymous_1)
FNDA:0,(anonymous_2)
FNDA:0,(anonymous_3)
FNDA:0,(anonymous_4)
FNDA:0,(anonymous_5)
FNDA:0,(anonymous_6)
FNDA:0,(anonymous_7)
FNDA:0,(anonymous_8)
FNDA:0,(anonymous_9)
FNDA:0,(anonymous_10)
FNDA:0,(anonymous_11)
FNDA:0,(anonymous_12)
FNDA:0,(anonymous_13)
FNDA:0,(anonymous_14)
FNDA:0,(anonymous_15)
FNDA:0,(anonymous_16)
FNDA:0,(anonymous_17)
FNDA:0,(anonymous_18)
FNDA:0,(anonymous_19)
DA:2,1
DA:3,1
DA:4,1
DA:5,1
DA:6,1
DA:7,1
DA:8,1
DA:9,1
DA:10,1
DA:11,1
DA:12,1
DA:13,1
DA:17,1
DA:19,1
DA:20,1
DA:21,1
DA:22,1
DA:23,1
DA:25,1
DA:27,1
DA:29,1
DA:33,1
DA:34,1
DA:35,1
DA:39,1
DA:40,1
DA:41,1
DA:42,1
DA:43,1
DA:45,1
DA:47,1
DA:48,0
DA:55,1
DA:56,0
DA:59,1
DA:60,0
DA:63,1
DA:64,0
DA:69,0
DA:70,0
DA:73,0
DA:77,1
DA:78,0
DA:84,0
DA:87,0
DA:91,1
DA:93,0
DA:97,0
DA:98,0
DA:99,0
DA:103,0
DA:108,0
DA:110,0
DA:112,0
DA:113,0
DA:114,0
DA:115,0
DA:120,0
DA:121,0
DA:128,0
DA:133,0
DA:134,0
DA:135,0
DA:136,0
DA:140,1
DA:141,0
DA:142,0
DA:143,0
DA:144,0
DA:146,0
DA:149,0
DA:152,1
LF:72
LH:38
BRDA:48,0,0,0
BRDA:48,0,1,0
BRDA:113,1,0,0
BRDA:113,1,1,0
BRF:4
BRH:0
end_of_record
TN:
SF:models/Conversation.js
FNF:0
FNH:0
DA:4,1
DA:6,1
DA:8,1
DA:23,1
LF:4
LH:4
BRF:0
BRH:0
end_of_record
TN:
SF:models/Message.js
FNF:0
FNH:0
DA:4,1
DA:6,1
DA:8,1
DA:21,1
LF:4
LH:4
BRF:0
BRH:0
end_of_record
TN:
SF:models/Post.js
FNF:0
FNH:0
DA:4,1
DA:6,1
DA:8,1
DA:28,1
LF:4
LH:4
BRF:0
BRH:0
end_of_record
TN:
SF:models/User.js
FNF:0
FNH:0
DA:4,1
DA:6,1
DA:8,1
DA:75,1
LF:4
LH:4
BRF:0
BRH:0
end_of_record
TN:
SF:routes/auth.js
FN:5,(anonymous_0)
FN:25,(anonymous_1)
FNF:2
FNH:2
FNDA:1,(anonymous_0)
FNDA:1,(anonymous_1)
DA:1,1
DA:2,1
DA:3,1
DA:5,1
DA:6,1
DA:8,1
DA:9,1
DA:10,1
DA:12,1
DA:18,1
DA:19,0
DA:21,1
DA:25,1
DA:26,1
DA:27,1
DA:32,1
DA:34,1
DA:36,0
DA:40,1
LF:19
LH:17
BRDA:32,0,0,1
BRDA:32,0,1,0
BRF:2
BRH:1
end_of_record
TN:
SF:routes/conversations.js
FN:9,(anonymous_0)
FN:34,(anonymous_1)
FN:54,(anonymous_2)
FNF:3
FNH:3
FNDA:1,(anonymous_0)
FNDA:1,(anonymous_1)
FNDA:1,(anonymous_2)
DA:3,1
DA:4,1
DA:5,1
DA:7,1
DA:9,1
DA:10,1
DA:11,1
DA:16,1
DA:17,1
DA:20,1
DA:21,1
DA:22,1
DA:23,1
DA:24,1
DA:25,1
DA:27,0
DA:28,0
DA:34,1
DA:35,1
DA:36,1
DA:37,1
DA:46,1
DA:47,1
DA:49,0
DA:54,1
DA:55,1
DA:56,1
DA:57,1
DA:58,1
DA:65,1
DA:67,0
DA:68,0
DA:72,1
LF:33
LH:28
BRF:0
BRH:0
end_of_record
TN:
SF:routes/messages.js
FN:4,(anonymous_0)
FN:15,(anonymous_1)
FNF:2
FNH:2
FNDA:1,(anonymous_0)
FNDA:1,(anonymous_1)
DA:1,1
DA:2,1
DA:4,1
DA:5,1
DA:6,1
DA:7,1
DA:8,1
DA:9,1
DA:11,0
DA:15,1
DA:16,1
DA:17,1
DA:18,1
DA:23,1
DA:25,0
DA:29,1
LF:16
LH:14
BRF:0
BRH:0
end_of_record
TN:
SF:routes/posts.js
FN:5,(anonymous_0)
FN:16,(anonymous_1)
FN:32,(anonymous_2)
FN:46,(anonymous_3)
FN:65,(anonymous_4)
FN:74,(anonymous_5)
FN:90,(anonymous_6)
FN:105,(anonymous_7)
FNF:8
FNH:8
FNDA:1,(anonymous_0)
FNDA:1,(anonymous_1)
FNDA:1,(anonymous_2)
FNDA:2,(anonymous_3)
FNDA:1,(anonymous_4)
FNDA:1,(anonymous_5)
FNDA:1,(anonymous_6)
FNDA:1,(anonymous_7)
DA:1,1
DA:2,1
DA:3,1
DA:5,1
DA:6,1
DA:7,1
DA:8,1
DA:9,1
DA:10,1
DA:12,0
DA:16,1
DA:17,1
DA:18,1
DA:19,1
DA:20,1
DA:21,1
DA:22,1
DA:23,1
DA:25,0
DA:28,0
DA:32,1
DA:33,1
DA:34,1
DA:35,1
DA:36,1
DA:37,1
DA:39,0
DA:42,0
DA:46,1
DA:47,2
DA:48,2
DA:49,2
DA:50,1
DA:51,1
DA:52,1
DA:53,1
DA:55,1
DA:56,1
DA:57,1
DA:58,1
DA:61,0
DA:65,1
DA:66,1
DA:67,1
DA:68,1
DA:70,0
DA:74,1
DA:75,1
DA:76,1
DA:77,1
DA:78,1
DA:79,1
DA:80,1
DA:82,0
DA:83,1
DA:88,1
DA:89,1
DA:91,1
DA:98,1
DA:100,0
DA:101,0
DA:105,1
DA:106,1
DA:107,1
DA:112,1
DA:117,1
DA:119,0
DA:123,1
LF:68
LH:57
BRDA:21,0,0,1
BRDA:21,0,1,0
BRDA:35,1,0,1
BRDA:35,1,1,0
BRDA:49,2,0,1
BRDA:49,2,1,1
BRDA:79,3,0,1
BRDA:79,3,1,0
BRF:8
BRH:5
end_of_record
TN:
SF:routes/users.js
FN:5,(anonymous_0)
FN:28,(anonymous_1)
FN:42,(anonymous_2)
FN:79,(anonymous_3)
FN:83,(anonymous_4)
FN:88,(anonymous_5)
FN:106,(anonymous_6)
FN:132,(anonymous_7)
FNF:8
FNH:8
FNDA:2,(anonymous_0)
FNDA:2,(anonymous_1)
FNDA:1,(anonymous_2)
FNDA:1,(anonymous_3)
FNDA:1,(anonymous_4)
FNDA:1,(anonymous_5)
FNDA:2,(anonymous_6)
FNDA:3,(anonymous_7)
DA:1,1
DA:2,1
DA:3,1
DA:5,1
DA:6,2
DA:7,1
DA:8,0
DA:9,0
DA:10,0
DA:12,0
DA:15,1
DA:16,1
DA:17,1
DA:18,1
DA:19,1
DA:21,0
DA:24,1
DA:28,1
DA:29,2
DA:30,1
DA:31,1
DA:32,1
DA:33,1
DA:35,0
DA:38,1
DA:42,1
DA:43,1
DA:44,1
DA:45,1
DA:48,1
DA:49,1
DA:51,0
DA:52,0
DA:79,1
DA:80,1
DA:81,1
DA:82,1
DA:84,1
DA:87,1
DA:88,1
DA:93,1
DA:94,1
DA:100,1
DA:102,0
DA:106,1
DA:107,2
DA:108,1
DA:109,1
DA:110,1
DA:111,1
DA:112,1
DA:113,1
DA:114,1
DA:115,1
DA:116,1
DA:117,1
DA:118,1
DA:119,1
DA:121,0
DA:125,0
DA:128,1
DA:132,1
DA:133,3
DA:134,2
DA:135,2
DA:136,2
DA:137,2
DA:138,2
DA:139,1
DA:140,1
DA:141,1
DA:142,1
DA:143,1
DA:144,1
DA:145,1
DA:147,1
DA:150,0
DA:153,1
DA:157,1
LF:79
LH:67
BRDA:6,0,0,1
BRDA:6,0,1,1
BRDA:6,1,0,2
BRDA:6,1,1,1
BRDA:7,2,0,0
BRDA:7,2,1,1
BRDA:29,3,0,1
BRDA:29,3,1,1
BRDA:29,4,0,2
BRDA:29,4,1,1
BRDA:107,5,0,1
BRDA:107,5,1,1
BRDA:112,6,0,1
BRDA:112,6,1,0
BRDA:133,7,0,2
BRDA:133,7,1,1
BRDA:138,8,0,1
BRDA:138,8,1,1
BRF:18
BRH:16
end_of_record
